[1.732s] Invoking command in '/home/haocheng/robotsucks/Rosbot_workspace/build/my_pkg': PYTHONPATH=/home/haocheng/robotsucks/Rosbot_workspace/build/my_pkg/prefix_override:/home/haocheng/robotsucks/Rosbot_workspace/install/my_pkg/lib/python3.10/site-packages:${PYTHONPATH} /usr/bin/python3 -W ignore:setup.py install is deprecated setup.py develop --editable --build-directory /home/haocheng/robotsucks/Rosbot_workspace/build/my_pkg/build --no-deps symlink_data --force
[2.446s] running develop
[2.946s] running egg_info
[2.946s] writing my_pkg.egg-info/PKG-INFO
[2.947s] writing dependency_links to my_pkg.egg-info/dependency_links.txt
[2.947s] writing entry points to my_pkg.egg-info/entry_points.txt
[2.948s] writing requirements to my_pkg.egg-info/requires.txt
[2.949s] writing top-level names to my_pkg.egg-info/top_level.txt
[2.953s] reading manifest file 'my_pkg.egg-info/SOURCES.txt'
[2.960s] writing manifest file 'my_pkg.egg-info/SOURCES.txt'
[2.961s] running build_ext
[2.961s] Creating /home/haocheng/robotsucks/Rosbot_workspace/install/my_pkg/lib/python3.10/site-packages/my-pkg.egg-link (link to .)
[2.963s] Installing image_localizer script to /home/haocheng/robotsucks/Rosbot_workspace/install/my_pkg/lib/my_pkg
[2.964s] Installing rotate_robot script to /home/haocheng/robotsucks/Rosbot_workspace/install/my_pkg/lib/my_pkg
[2.964s] 
[2.964s] Installed /home/haocheng/robotsucks/Rosbot_workspace/build/my_pkg
[2.965s] running symlink_data
[2.965s] symbolically linking /home/haocheng/robotsucks/Rosbot_workspace/build/my_pkg/resource/my_pkg -> /home/haocheng/robotsucks/Rosbot_workspace/install/my_pkg/share/ament_index/resource_index/packages
[2.965s] symbolically linking /home/haocheng/robotsucks/Rosbot_workspace/build/my_pkg/package.xml -> /home/haocheng/robotsucks/Rosbot_workspace/install/my_pkg/share/my_pkg
[3.014s] Invoked command in '/home/haocheng/robotsucks/Rosbot_workspace/build/my_pkg' returned '0': PYTHONPATH=/home/haocheng/robotsucks/Rosbot_workspace/build/my_pkg/prefix_override:/home/haocheng/robotsucks/Rosbot_workspace/install/my_pkg/lib/python3.10/site-packages:${PYTHONPATH} /usr/bin/python3 -W ignore:setup.py install is deprecated setup.py develop --editable --build-directory /home/haocheng/robotsucks/Rosbot_workspace/build/my_pkg/build --no-deps symlink_data --force
