[1.954s] Invoking command in '/home/haocheng/robotsucks/Rosbot_workspace/build/my_pkg': PYTHONPATH=/home/haocheng/robotsucks/Rosbot_workspace/build/my_pkg/prefix_override:/home/haocheng/robotsucks/Rosbot_workspace/install/my_pkg/lib/python3.10/site-packages:${PYTHONPATH} /usr/bin/python3 -W ignore:setup.py install is deprecated setup.py develop --editable --build-directory /home/haocheng/robotsucks/Rosbot_workspace/build/my_pkg/build --no-deps symlink_data
[2.699s] running develop
[3.088s] running egg_info
[3.090s] writing my_pkg.egg-info/PKG-INFO
[3.091s] writing dependency_links to my_pkg.egg-info/dependency_links.txt
[3.091s] writing entry points to my_pkg.egg-info/entry_points.txt
[3.091s] writing requirements to my_pkg.egg-info/requires.txt
[3.091s] writing top-level names to my_pkg.egg-info/top_level.txt
[3.093s] reading manifest file 'my_pkg.egg-info/SOURCES.txt'
[3.093s] writing manifest file 'my_pkg.egg-info/SOURCES.txt'
[3.099s] running build_ext
[3.100s] Creating /home/haocheng/robotsucks/Rosbot_workspace/install/my_pkg/lib/python3.10/site-packages/my-pkg.egg-link (link to .)
[3.100s] Installing image_localizer script to /home/haocheng/robotsucks/Rosbot_workspace/install/my_pkg/lib/my_pkg
[3.100s] Installing rotate_robot script to /home/haocheng/robotsucks/Rosbot_workspace/install/my_pkg/lib/my_pkg
[3.103s] 
[3.103s] Installed /home/haocheng/robotsucks/Rosbot_workspace/build/my_pkg
[3.103s] running symlink_data
[3.103s] creating /home/haocheng/robotsucks/Rosbot_workspace/install/my_pkg/share/my_pkg/launch
[3.103s] symbolically linking /home/haocheng/robotsucks/Rosbot_workspace/build/my_pkg/launch/my_pkg.launch.py -> /home/haocheng/robotsucks/Rosbot_workspace/install/my_pkg/share/my_pkg/launch
[3.149s] Invoked command in '/home/haocheng/robotsucks/Rosbot_workspace/build/my_pkg' returned '0': PYTHONPATH=/home/haocheng/robotsucks/Rosbot_workspace/build/my_pkg/prefix_override:/home/haocheng/robotsucks/Rosbot_workspace/install/my_pkg/lib/python3.10/site-packages:${PYTHONPATH} /usr/bin/python3 -W ignore:setup.py install is deprecated setup.py develop --editable --build-directory /home/haocheng/robotsucks/Rosbot_workspace/build/my_pkg/build --no-deps symlink_data
